<?xml version="1.0" encoding="UTF-8"?>
<!-- Generated by org.testng.reporters.JUnitXMLReporter -->
<testsuite ignored="0" hostname="Karthiks-MacBook-Pro.local" failures="1" tests="3" name="Login" time="124.897" errors="0" timestamp="2021-09-14T23:46:58 IST">
  <testcase classname="com.ap.tests.LoginTest" name="testEmptyLogin" time="17.526"/>
  <testcase classname="com.ap.tests.LoginTest" name="testValidLogin" time="24.858"/>
  <testcase classname="com.ap.tests.LoginTest" name="testinValidLogin" time="19.855">
    <failure type="java.lang.AssertionError" message="expected [false] but found [true]">
      <![CDATA[java.lang.AssertionError: expected [false] but found [true]
at com.ap.tests.LoginTest.testinValidLogin(LoginTest.java:39)
at java.base/java.util.ArrayList.forEach(ArrayList.java:1541)
... Removed 31 stack frames]]>
    </failure>
  </testcase> <!-- testinValidLogin -->
</testsuite> <!-- Login -->
