<?xml version="1.0" encoding="UTF-8"?>
<!-- Generated by org.testng.reporters.JUnitXMLReporter -->
<testsuite ignored="0" hostname="Karthiks-MacBook-Pro.local" failures="0" tests="3" name="Login" time="67.713" errors="0" timestamp="2021-09-13T09:01:46 IST">
  <testcase classname="com.ap.tests.LoginTest" name="testEmptyLogin" time="4.302"/>
  <testcase classname="com.ap.tests.LoginTest" name="testValidLogin" time="14.995"/>
  <testcase classname="com.ap.tests.LoginTest" name="testinValidLogin" time="6.327"/>
</testsuite> <!-- Login -->
