<?xml version="1.0" encoding="UTF-8"?>
<testsuite xmlns:xsi="http://www.w3.org/2001/XMLSchema-instance" xsi:noNamespaceSchemaLocation="https://maven.apache.org/surefire/maven-surefire-plugin/xsd/surefire-test-report.xsd" name="TestSuite" time="104.339" tests="3" errors="0" skipped="0" failures="0">
  <properties>
[...]
</properties>
  <testcase name="testEmptyLogin" classname="com.ap.tests.LoginTest" time="11.355"/>
  <testcase name="testValidLogin" classname="com.ap.tests.LoginTest" time="23.832"/>
  <testcase name="testinValidLogin" classname="com.ap.tests.LoginTest" time="10.828"/>
</testsuite>