<?xml version="1.0" encoding="UTF-8"?>
<testng-results ignored="0" total="3" passed="3" failed="0" skipped="0">
  <reporter-output>
  </reporter-output>
  <suite started-at="2021-09-13T08:44:49 IST" name="Smoke" finished-at="2021-09-13T08:46:27 IST" duration-ms="98568">
    <groups>
    </groups>
    <test started-at="2021-09-13T08:44:49 IST" name="Login" finished-at="2021-09-13T08:46:27 IST" duration-ms="98568">
      <class name="com.ap.tests.LoginTest">
        <test-method is-config="true" signature="beforeSuite()[pri:0, instance:com.ap.tests.LoginTest@3d34d211]" started-at="2021-09-13T08:44:49 IST" name="beforeSuite" finished-at="2021-09-13T08:44:49 IST" duration-ms="141" status="PASS">
          <reporter-output>
          </reporter-output>
        </test-method> <!-- beforeSuite -->
        <test-method is-config="true" signature="launchBrowser()[pri:0, instance:com.ap.tests.LoginTest@3d34d211]" started-at="2021-09-13T08:44:49 IST" name="launchBrowser" finished-at="2021-09-13T08:45:01 IST" duration-ms="12577" status="PASS">
          <reporter-output>
          </reporter-output>
        </test-method> <!-- launchBrowser -->
        <test-method is-config="true" signature="init(org.testng.ITestResult)[pri:0, instance:com.ap.tests.LoginTest@3d34d211]" started-at="2021-09-13T08:45:01 IST" name="init" finished-at="2021-09-13T08:45:01 IST" duration-ms="62" status="PASS">
          <params>
            <param index="0">
              <value>
                <![CDATA[[TestResult name={null} status=CREATED method=LoginTest.testEmptyLogin()[pri:0, instance:com.ap.tests.LoginTest@3d34d211] output={null}]]]>
              </value>
            </param>
          </params>
          <reporter-output>
          </reporter-output>
        </test-method> <!-- init -->
        <test-method signature="testEmptyLogin()[pri:0, instance:com.ap.tests.LoginTest@3d34d211]" started-at="2021-09-13T08:45:01 IST" name="testEmptyLogin" finished-at="2021-09-13T08:45:13 IST" duration-ms="11350" status="PASS">
          <reporter-output>
          </reporter-output>
        </test-method> <!-- testEmptyLogin -->
        <test-method is-config="true" signature="afterMethod(org.testng.ITestResult)[pri:0, instance:com.ap.tests.LoginTest@3d34d211]" started-at="2021-09-13T08:45:13 IST" name="afterMethod" finished-at="2021-09-13T08:45:26 IST" duration-ms="13050" status="PASS">
          <params>
            <param index="0">
              <value>
                <![CDATA[[TestResult name=testEmptyLogin status=SUCCESS method=LoginTest.testEmptyLogin()[pri:0, instance:com.ap.tests.LoginTest@3d34d211] output={null}]]]>
              </value>
            </param>
          </params>
          <reporter-output>
          </reporter-output>
        </test-method> <!-- afterMethod -->
        <test-method is-config="true" signature="init(org.testng.ITestResult)[pri:0, instance:com.ap.tests.LoginTest@3d34d211]" started-at="2021-09-13T08:45:26 IST" name="init" finished-at="2021-09-13T08:45:26 IST" duration-ms="1" status="PASS">
          <params>
            <param index="0">
              <value>
                <![CDATA[[TestResult name={null} status=CREATED method=LoginTest.testValidLogin()[pri:0, instance:com.ap.tests.LoginTest@3d34d211] output={null}]]]>
              </value>
            </param>
          </params>
          <reporter-output>
          </reporter-output>
        </test-method> <!-- init -->
        <test-method signature="testValidLogin()[pri:0, instance:com.ap.tests.LoginTest@3d34d211]" started-at="2021-09-13T08:45:26 IST" name="testValidLogin" finished-at="2021-09-13T08:45:50 IST" duration-ms="23828" status="PASS">
          <reporter-output>
          </reporter-output>
        </test-method> <!-- testValidLogin -->
        <test-method is-config="true" signature="afterMethod(org.testng.ITestResult)[pri:0, instance:com.ap.tests.LoginTest@3d34d211]" started-at="2021-09-13T08:45:50 IST" name="afterMethod" finished-at="2021-09-13T08:46:03 IST" duration-ms="13605" status="PASS">
          <params>
            <param index="0">
              <value>
                <![CDATA[[TestResult name=testValidLogin status=SUCCESS method=LoginTest.testValidLogin()[pri:0, instance:com.ap.tests.LoginTest@3d34d211] output={null}]]]>
              </value>
            </param>
          </params>
          <reporter-output>
          </reporter-output>
        </test-method> <!-- afterMethod -->
        <test-method is-config="true" signature="init(org.testng.ITestResult)[pri:0, instance:com.ap.tests.LoginTest@3d34d211]" started-at="2021-09-13T08:46:03 IST" name="init" finished-at="2021-09-13T08:46:03 IST" duration-ms="1" status="PASS">
          <params>
            <param index="0">
              <value>
                <![CDATA[[TestResult name={null} status=CREATED method=LoginTest.testinValidLogin()[pri:0, instance:com.ap.tests.LoginTest@3d34d211] output={null}]]]>
              </value>
            </param>
          </params>
          <reporter-output>
          </reporter-output>
        </test-method> <!-- init -->
        <test-method signature="testinValidLogin()[pri:0, instance:com.ap.tests.LoginTest@3d34d211]" started-at="2021-09-13T08:46:03 IST" name="testinValidLogin" finished-at="2021-09-13T08:46:14 IST" duration-ms="10828" status="PASS">
          <reporter-output>
          </reporter-output>
        </test-method> <!-- testinValidLogin -->
        <test-method is-config="true" signature="afterMethod(org.testng.ITestResult)[pri:0, instance:com.ap.tests.LoginTest@3d34d211]" started-at="2021-09-13T08:46:14 IST" name="afterMethod" finished-at="2021-09-13T08:46:27 IST" duration-ms="13015" status="PASS">
          <params>
            <param index="0">
              <value>
                <![CDATA[[TestResult name=testinValidLogin status=SUCCESS method=LoginTest.testinValidLogin()[pri:0, instance:com.ap.tests.LoginTest@3d34d211] output={null}]]]>
              </value>
            </param>
          </params>
          <reporter-output>
          </reporter-output>
        </test-method> <!-- afterMethod -->
        <test-method is-config="true" signature="terminate()[pri:0, instance:com.ap.tests.LoginTest@3d34d211]" started-at="2021-09-13T08:46:27 IST" name="terminate" finished-at="2021-09-13T08:46:27 IST" duration-ms="204" status="PASS">
          <reporter-output>
          </reporter-output>
        </test-method> <!-- terminate -->
        <test-method is-config="true" signature="aftersuite()[pri:0, instance:com.ap.tests.LoginTest@3d34d211]" started-at="2021-09-13T08:46:32 IST" name="aftersuite" finished-at="2021-09-13T08:46:33 IST" duration-ms="260" status="PASS">
          <reporter-output>
          </reporter-output>
        </test-method> <!-- aftersuite -->
      </class> <!-- com.ap.tests.LoginTest -->
    </test> <!-- Login -->
  </suite> <!-- Smoke -->
</testng-results>
