<?xml version="1.0" encoding="UTF-8"?>
<!-- Generated by org.testng.reporters.JUnitXMLReporter -->
<testsuite ignored="2" hostname="Karthiks-MacBook-Pro.local" failures="0" tests="1" name="Default test(failed)(failed)" time="24.719" errors="0" timestamp="2021-09-08T08:17:05 IST">
  <testcase classname="com.ap.tests.LoginTest" name="testEmptyLogin" time="3.914"/>
  <testcase classname="com.ap.tests.LoginTest" name="testinValidLogin" time="0.0">
    <ignored/>
  </testcase> <!-- testinValidLogin -->
  <testcase classname="com.ap.tests.LoginTest" name="testValidLogin" time="0.0">
    <ignored/>
  </testcase> <!-- testValidLogin -->
</testsuite> <!-- Default test(failed)(failed) -->
