<?xml version="1.0" encoding="UTF-8"?>
<!-- Generated by org.testng.reporters.JUnitXMLReporter -->
<testsuite ignored="0" hostname="Karthiks-MacBook-Pro.local" failures="0" tests="3" name="Login" time="98.568" errors="0" timestamp="2021-09-13T08:46:32 IST">
  <testcase classname="com.ap.tests.LoginTest" name="testEmptyLogin" time="11.35"/>
  <testcase classname="com.ap.tests.LoginTest" name="testValidLogin" time="23.828"/>
  <testcase classname="com.ap.tests.LoginTest" name="testinValidLogin" time="10.828"/>
</testsuite> <!-- Login -->
