<?xml version="1.0" encoding="UTF-8"?>
<testng-results ignored="0" total="1" passed="1" failed="0" skipped="0">
  <reporter-output>
  </reporter-output>
  <suite started-at="2021-09-13T09:34:32 IST" name="Default suite" finished-at="2021-09-13T09:35:47 IST" duration-ms="74795">
    <groups>
    </groups>
    <test started-at="2021-09-13T09:34:32 IST" name="Default test" finished-at="2021-09-13T09:35:47 IST" duration-ms="74795">
      <class name="com.ap.tests.CartTest">
        <test-method is-config="true" signature="beforeSuite()[pri:0, instance:com.ap.tests.CartTest@fba92d3]" started-at="2021-09-13T09:34:32 IST" name="beforeSuite" finished-at="2021-09-13T09:34:32 IST" duration-ms="191" status="PASS">
          <reporter-output>
          </reporter-output>
        </test-method> <!-- beforeSuite -->
        <test-method is-config="true" signature="launchBrowser()[pri:0, instance:com.ap.tests.CartTest@fba92d3]" started-at="2021-09-13T09:34:32 IST" name="launchBrowser" finished-at="2021-09-13T09:34:42 IST" duration-ms="9684" status="PASS">
          <reporter-output>
          </reporter-output>
        </test-method> <!-- launchBrowser -->
        <test-method is-config="true" signature="init()[pri:0, instance:com.ap.tests.CartTest@fba92d3]" started-at="2021-09-13T09:34:42 IST" name="init" finished-at="2021-09-13T09:34:42 IST" duration-ms="21" status="PASS">
          <reporter-output>
          </reporter-output>
        </test-method> <!-- init -->
        <test-method signature="Testwishlist()[pri:0, instance:com.ap.tests.CartTest@fba92d3]" started-at="2021-09-13T09:34:42 IST" name="Testwishlist" finished-at="2021-09-13T09:35:47 IST" duration-ms="64842" status="PASS">
          <reporter-output>
          </reporter-output>
        </test-method> <!-- Testwishlist -->
        <test-method is-config="true" signature="terminate()[pri:0, instance:com.ap.tests.CartTest@fba92d3]" started-at="2021-09-13T09:35:47 IST" name="terminate" finished-at="2021-09-13T09:35:47 IST" duration-ms="214" status="PASS">
          <reporter-output>
          </reporter-output>
        </test-method> <!-- terminate -->
        <test-method is-config="true" signature="aftersuite()[pri:0, instance:com.ap.tests.CartTest@fba92d3]" started-at="2021-09-13T09:35:52 IST" name="aftersuite" finished-at="2021-09-13T09:35:52 IST" duration-ms="1" status="PASS">
          <reporter-output>
          </reporter-output>
        </test-method> <!-- aftersuite -->
      </class> <!-- com.ap.tests.CartTest -->
    </test> <!-- Default test -->
  </suite> <!-- Default suite -->
</testng-results>
