<?xml version="1.0" encoding="UTF-8"?>
<testng-results ignored="2" total="3" passed="0" failed="1" skipped="0">
  <reporter-output>
  </reporter-output>
  <suite started-at="2021-09-14T23:52:49 IST" name="Default suite" finished-at="2021-09-14T23:53:36 IST" duration-ms="47025">
    <groups>
    </groups>
    <test started-at="2021-09-14T23:52:49 IST" name="Default test" finished-at="2021-09-14T23:53:36 IST" duration-ms="47025">
      <class name="com.ap.tests.LoginTest">
        <test-method is-config="true" signature="beforeSuite()[pri:0, instance:com.ap.tests.LoginTest@16610890]" started-at="2021-09-14T23:52:49 IST" name="beforeSuite" finished-at="2021-09-14T23:52:49 IST" duration-ms="220" status="PASS">
          <reporter-output>
          </reporter-output>
        </test-method> <!-- beforeSuite -->
        <test-method is-config="true" signature="launchBrowser()[pri:0, instance:com.ap.tests.LoginTest@16610890]" started-at="2021-09-14T23:52:49 IST" name="launchBrowser" finished-at="2021-09-14T23:53:04 IST" duration-ms="14251" status="PASS">
          <reporter-output>
          </reporter-output>
        </test-method> <!-- launchBrowser -->
        <test-method is-config="true" signature="init(org.testng.ITestResult)[pri:0, instance:com.ap.tests.LoginTest@16610890]" started-at="2021-09-14T23:53:04 IST" name="init" finished-at="2021-09-14T23:53:04 IST" duration-ms="31" status="PASS">
          <params>
            <param index="0">
              <value>
                <![CDATA[[TestResult name={null} status=CREATED method=LoginTest.testinValidLogin()[pri:0, instance:com.ap.tests.LoginTest@16610890] output={null}]]]>
              </value>
            </param>
          </params>
          <reporter-output>
          </reporter-output>
        </test-method> <!-- init -->
        <test-method signature="testinValidLogin()[pri:0, instance:com.ap.tests.LoginTest@16610890]" started-at="2021-09-14T23:53:04 IST" name="testinValidLogin" finished-at="2021-09-14T23:53:23 IST" duration-ms="19113" status="FAIL">
          <exception class="java.lang.AssertionError">
            <message>
              <![CDATA[expected [false] but found [true]]]>
            </message>
            <full-stacktrace>
              <![CDATA[java.lang.AssertionError: expected [false] but found [true]
at org.testng.Assert.fail(Assert.java:99)
at org.testng.Assert.failNotEquals(Assert.java:1037)
at org.testng.Assert.assertFalse(Assert.java:67)
at org.testng.Assert.assertFalse(Assert.java:77)
at com.ap.tests.LoginTest.testinValidLogin(LoginTest.java:19)
at java.base/jdk.internal.reflect.NativeMethodAccessorImpl.invoke0(Native Method)
at java.base/jdk.internal.reflect.NativeMethodAccessorImpl.invoke(NativeMethodAccessorImpl.java:62)
at java.base/jdk.internal.reflect.DelegatingMethodAccessorImpl.invoke(DelegatingMethodAccessorImpl.java:43)
at java.base/java.lang.reflect.Method.invoke(Method.java:566)
at org.testng.internal.MethodInvocationHelper.invokeMethod(MethodInvocationHelper.java:133)
at org.testng.internal.TestInvoker.invokeMethod(TestInvoker.java:598)
at org.testng.internal.TestInvoker.invokeTestMethod(TestInvoker.java:173)
at org.testng.internal.MethodRunner.runInSequence(MethodRunner.java:46)
at org.testng.internal.TestInvoker$MethodInvocationAgent.invoke(TestInvoker.java:824)
at org.testng.internal.TestInvoker.invokeTestMethods(TestInvoker.java:146)
at org.testng.internal.TestMethodWorker.invokeTestMethods(TestMethodWorker.java:146)
at org.testng.internal.TestMethodWorker.run(TestMethodWorker.java:128)
at java.base/java.util.ArrayList.forEach(ArrayList.java:1541)
at org.testng.TestRunner.privateRun(TestRunner.java:794)
at org.testng.TestRunner.run(TestRunner.java:596)
at org.testng.SuiteRunner.runTest(SuiteRunner.java:377)
at org.testng.SuiteRunner.runSequentially(SuiteRunner.java:371)
at org.testng.SuiteRunner.privateRun(SuiteRunner.java:332)
at org.testng.SuiteRunner.run(SuiteRunner.java:276)
at org.testng.SuiteRunnerWorker.runSuite(SuiteRunnerWorker.java:53)
at org.testng.SuiteRunnerWorker.run(SuiteRunnerWorker.java:96)
at org.testng.TestNG.runSuitesSequentially(TestNG.java:1212)
at org.testng.TestNG.runSuitesLocally(TestNG.java:1134)
at org.testng.TestNG.runSuites(TestNG.java:1063)
at org.testng.TestNG.run(TestNG.java:1031)
at org.testng.remote.AbstractRemoteTestNG.run(AbstractRemoteTestNG.java:115)
at org.testng.remote.RemoteTestNG.initAndRun(RemoteTestNG.java:251)
at org.testng.remote.RemoteTestNG.main(RemoteTestNG.java:77)
]]>
            </full-stacktrace>
          </exception> <!-- java.lang.AssertionError -->
          <reporter-output>
          </reporter-output>
        </test-method> <!-- testinValidLogin -->
        <test-method is-config="true" signature="afterMethod(org.testng.ITestResult)[pri:0, instance:com.ap.tests.LoginTest@16610890]" started-at="2021-09-14T23:53:23 IST" name="afterMethod" finished-at="2021-09-14T23:53:36 IST" duration-ms="13458" status="PASS">
          <params>
            <param index="0">
              <value>
                <![CDATA[[TestResult name=testinValidLogin status=FAILURE method=LoginTest.testinValidLogin()[pri:0, instance:com.ap.tests.LoginTest@16610890] output={null}]]]>
              </value>
            </param>
          </params>
          <reporter-output>
          </reporter-output>
        </test-method> <!-- afterMethod -->
        <test-method is-config="true" signature="terminate()[pri:0, instance:com.ap.tests.LoginTest@16610890]" started-at="2021-09-14T23:53:36 IST" name="terminate" finished-at="2021-09-14T23:53:36 IST" duration-ms="141" status="PASS">
          <reporter-output>
          </reporter-output>
        </test-method> <!-- terminate -->
        <test-method is-config="true" signature="aftersuite()[pri:0, instance:com.ap.tests.LoginTest@16610890]" started-at="2021-09-14T23:53:41 IST" name="aftersuite" finished-at="2021-09-14T23:53:42 IST" duration-ms="257" status="PASS">
          <reporter-output>
          </reporter-output>
        </test-method> <!-- aftersuite -->
      </class> <!-- com.ap.tests.LoginTest -->
    </test> <!-- Default test -->
  </suite> <!-- Default suite -->
</testng-results>
